Using pre-set license
Built from '2021.3/staging' branch; Version is '2021.3.21f1 (1b156197d683) revision 1774945'; Using compiler version '192829333'; Build Type 'Release'
OS: 'Windows 11  (10.0.22631) 64bit CoreSingleLanguage' Language: 'es' Physical Memory: 14271 MB
BatchMode: 1, IsHumanControllingUs: 0, StartBugReporterOnCrash: 0, Is64bit: 1, IsPro: 1

COMMAND LINE ARGUMENTS:
C:\Program Files\Unity 2021.3.21f1\Editor\Unity.exe
-adb2
-batchMode
-noUpm
-name
AssetImportWorker4
-projectPath
C:/Users/andre/OneDrive/Documentos/9no semestre/Diseño 2/Campus-Sostenible
-logFile
Logs/AssetImportWorker4.log
-srvPort
50437
Successfully changed project path to: C:/Users/andre/OneDrive/Documentos/9no semestre/Diseño 2/Campus-Sostenible
C:/Users/andre/OneDrive/Documentos/9no semestre/Diseño 2/Campus-Sostenible
[UnityMemory] Configuration Parameters - Can be set up in boot.config
    "memorysetup-bucket-allocator-granularity=16"
    "memorysetup-bucket-allocator-bucket-count=8"
    "memorysetup-bucket-allocator-block-size=33554432"
    "memorysetup-bucket-allocator-block-count=8"
    "memorysetup-main-allocator-block-size=16777216"
    "memorysetup-thread-allocator-block-size=16777216"
    "memorysetup-gfx-main-allocator-block-size=16777216"
    "memorysetup-gfx-thread-allocator-block-size=16777216"
    "memorysetup-cache-allocator-block-size=4194304"
    "memorysetup-typetree-allocator-block-size=2097152"
    "memorysetup-profiler-bucket-allocator-granularity=16"
    "memorysetup-profiler-bucket-allocator-bucket-count=8"
    "memorysetup-profiler-bucket-allocator-block-size=33554432"
    "memorysetup-profiler-bucket-allocator-block-count=8"
    "memorysetup-profiler-allocator-block-size=16777216"
    "memorysetup-profiler-editor-allocator-block-size=1048576"
    "memorysetup-temp-allocator-size-main=16777216"
    "memorysetup-job-temp-allocator-block-size=2097152"
    "memorysetup-job-temp-allocator-block-size-background=1048576"
    "memorysetup-job-temp-allocator-reduction-small-platforms=262144"
    "memorysetup-temp-allocator-size-background-worker=32768"
    "memorysetup-temp-allocator-size-job-worker=262144"
    "memorysetup-temp-allocator-size-preload-manager=33554432"
    "memorysetup-temp-allocator-size-nav-mesh-worker=65536"
    "memorysetup-temp-allocator-size-audio-worker=65536"
    "memorysetup-temp-allocator-size-cloud-worker=32768"
    "memorysetup-temp-allocator-size-gi-baking-worker=262144"
    "memorysetup-temp-allocator-size-gfx=262144"
Player connection [25236] Host "[IP] 192.168.56.1 [Port] 0 [Flags] 2 [Guid] 2349239417 [EditorId] 2349239417 [Version] 1048832 [Id] WindowsEditor(7,LAPTOP-9D6LN900) [Debug] 1 [PackageName] WindowsEditor [ProjectName] Editor" joined multi-casting on [225.0.0.222:54997]...

Player connection [25236] Host "[IP] 192.168.56.1 [Port] 0 [Flags] 2 [Guid] 2349239417 [EditorId] 2349239417 [Version] 1048832 [Id] WindowsEditor(7,LAPTOP-9D6LN900) [Debug] 1 [PackageName] WindowsEditor [ProjectName] Editor" joined alternative multi-casting on [225.0.0.222:34997]...

Refreshing native plugins compatible for Editor in 303.39 ms, found 6 plugins.
Preloading 0 native plugins for Editor in 0.00 ms.
Initialize engine version: 2021.3.21f1 (1b156197d683)
[Subsystems] Discovering subsystems at path C:/Program Files/Unity 2021.3.21f1/Editor/Data/Resources/UnitySubsystems
[Subsystems] Discovering subsystems at path C:/Users/andre/OneDrive/Documentos/9no semestre/Diseño 2/Campus-Sostenible/Assets
GfxDevice: creating device client; threaded=0; jobified=0
Direct3D:
    Version:  Direct3D 11.0 [level 11.1]
    Renderer: NVIDIA GeForce GTX 1660 Ti (ID=0x2191)
    Vendor:   NVIDIA
    VRAM:     5991 MB
    Driver:   30.0.15.1278
Initialize mono
Mono path[0] = 'C:/Program Files/Unity 2021.3.21f1/Editor/Data/Managed'
Mono path[1] = 'C:/Program Files/Unity 2021.3.21f1/Editor/Data/MonoBleedingEdge/lib/mono/unityjit-win32'
Mono config path = 'C:/Program Files/Unity 2021.3.21f1/Editor/Data/MonoBleedingEdge/etc'
Using monoOptions --debugger-agent=transport=dt_socket,embedding=1,server=y,suspend=n,address=127.0.0.1:56744
Begin MonoManager ReloadAssembly
Registering precompiled unity dll's ...
Register platform support module: C:/Program Files/Unity 2021.3.21f1/Editor/Data/PlaybackEngines/WindowsStandaloneSupport/UnityEditor.WindowsStandalone.Extensions.dll
Registered in 0.011544 seconds.
Native extension for WindowsStandalone target not found
Refreshing native plugins compatible for Editor in 315.37 ms, found 6 plugins.
Preloading 0 native plugins for Editor in 0.00 ms.
Mono: successfully reloaded assembly
- Completed reload, in  2.398 seconds
Domain Reload Profiling:
	ReloadAssembly (2400ms)
		BeginReloadAssembly (370ms)
			ExecutionOrderSort (0ms)
			DisableScriptedObjects (0ms)
			BackupInstance (0ms)
			ReleaseScriptingObjects (0ms)
			CreateAndSetChildDomain (3ms)
		EndReloadAssembly (1650ms)
			LoadAssemblies (352ms)
			RebuildTransferFunctionScriptingTraits (0ms)
			SetupTypeCache (367ms)
			ReleaseScriptCaches (0ms)
			RebuildScriptCaches (101ms)
			SetupLoadedEditorAssemblies (955ms)
				LogAssemblyErrors (0ms)
				InitializePlatformSupportModulesInManaged (26ms)
				SetLoadedEditorAssemblies (1ms)
				RefreshPlugins (316ms)
				BeforeProcessingInitializeOnLoad (4ms)
				ProcessInitializeOnLoadAttributes (433ms)
				ProcessInitializeOnLoadMethodAttributes (174ms)
				AfterProcessingInitializeOnLoad (0ms)
				EditorAssembliesLoaded (0ms)
			ExecutionOrderSort2 (0ms)
			AwakeInstancesAfterBackupRestoration (0ms)
Platform modules already initialized, skipping
Registering precompiled user dll's ...
Registered in 0.063985 seconds.
Begin MonoManager ReloadAssembly
Symbol file LoadedFromMemory doesn't match image C:\Users\andre\OneDrive\Documentos\9no semestre\Diseño 2\Campus-Sostenible\Library\PackageCache\com.unity.visualscripting@1.8.0\Editor\VisualScripting.Core\Dependencies\DotNetZip\Unity.VisualScripting.IonicZip.dll
Symbol file LoadedFromMemory doesn't match image C:\Users\andre\OneDrive\Documentos\9no semestre\Diseño 2\Campus-Sostenible\Library\PackageCache\com.unity.visualscripting@1.8.0\Editor\VisualScripting.Core\Dependencies\YamlDotNet\Unity.VisualScripting.YamlDotNet.dll
Native extension for WindowsStandalone target not found
Refreshing native plugins compatible for Editor in 2.33 ms, found 6 plugins.
Preloading 0 native plugins for Editor in 0.00 ms.
Mono: successfully reloaded assembly
- Completed reload, in  3.764 seconds
Domain Reload Profiling:
	ReloadAssembly (3767ms)
		BeginReloadAssembly (405ms)
			ExecutionOrderSort (0ms)
			DisableScriptedObjects (21ms)
			BackupInstance (0ms)
			ReleaseScriptingObjects (0ms)
			CreateAndSetChildDomain (55ms)
		EndReloadAssembly (2980ms)
			LoadAssemblies (333ms)
			RebuildTransferFunctionScriptingTraits (0ms)
			SetupTypeCache (922ms)
			ReleaseScriptCaches (2ms)
			RebuildScriptCaches (188ms)
			SetupLoadedEditorAssemblies (1401ms)
				LogAssemblyErrors (0ms)
				InitializePlatformSupportModulesInManaged (16ms)
				SetLoadedEditorAssemblies (2ms)
				RefreshPlugins (3ms)
				BeforeProcessingInitializeOnLoad (269ms)
				ProcessInitializeOnLoadAttributes (1000ms)
				ProcessInitializeOnLoadMethodAttributes (75ms)
				AfterProcessingInitializeOnLoad (37ms)
				EditorAssembliesLoaded (1ms)
			ExecutionOrderSort2 (0ms)
			AwakeInstancesAfterBackupRestoration (20ms)
Platform modules already initialized, skipping
========================================================================
Worker process is ready to serve import requests
Launched and connected shader compiler UnityShaderCompiler.exe after 0.28 seconds
Refreshing native plugins compatible for Editor in 3.13 ms, found 6 plugins.
Preloading 0 native plugins for Editor in 0.00 ms.
Unloading 3331 Unused Serialized files (Serialized files now loaded: 0)
Unloading 62 unused Assets / (31.5 KB). Loaded Objects now: 3777.
Memory consumption went from 125.2 MB to 125.1 MB.
Total: 15.167400 ms (FindLiveObjects: 0.942500 ms CreateObjectMapping: 1.103200 ms MarkObjects: 12.734500 ms  DeleteObjects: 0.382800 ms)

AssetImportParameters requested are different than current active one (requested -> active):
  custom:video-decoder-ogg-theora: a1e56fd34408186e4bbccfd4996cb3dc -> 
  custom:container-muxer-webm: aa71ff27fc2769a1b78a27578f13a17b -> 
  custom:container-demuxer-webm: 4f35f7cbe854078d1ac9338744f61a02 -> 
  custom:video-encoder-webm-vp8: eb34c28f22e8b96e1ab97ce403110664 -> 
  custom:video-codec-MediaFoundation-h265: 746d11721c4dcdbdad8f713fa42b33f4 -> 
  custom:audio-encoder-webm-vorbis: bf7c407c2cedff20999df2af8eb42d56 -> 
  custom:framework-win-MediaFoundation: 216162199b28c13a410421893ffa2e32 -> 
  custom:container-demuxer-ogg: 62fdf1f143b41e24485cea50d1cbac27 -> 
  custom:video-decoder-webm-vp8: 9c59270c3fd7afecdb556c50c9e8de78 -> 
  custom:audio-decoder-ogg-vorbis: bf7c407c2cedff20999df2af8eb42d56 -> 
========================================================================
Received Import Request.
  Time since last request: 5197.949481 seconds.
  path: Assets/Scenes/Sprites Login/Bienvenido al campus sostenible.png
  artifactKey: Guid(9c912190c657c754d9cc602dc550d483) Importer(815301076,1909f56bfc062723c751e8b465ee728b)
Start importing Assets/Scenes/Sprites Login/Bienvenido al campus sostenible.png using Guid(9c912190c657c754d9cc602dc550d483) Importer(815301076,1909f56bfc062723c751e8b465ee728b)  -> (artifact id: '1df1475cc4f23f1d84c6f56e20f70596') in 0.262782 seconds 
========================================================================
Received Import Request.
  Time since last request: 6.934371 seconds.
  path: Assets/Scenes/Sprites Login/Bienvenido al campus sostenible.png
  artifactKey: Guid(9c912190c657c754d9cc602dc550d483) Importer(815301076,1909f56bfc062723c751e8b465ee728b)
Start importing Assets/Scenes/Sprites Login/Bienvenido al campus sostenible.png using Guid(9c912190c657c754d9cc602dc550d483) Importer(815301076,1909f56bfc062723c751e8b465ee728b)  -> (artifact id: '56f5aa2f9052493e5a184d047162d28c') in 0.178670 seconds 
========================================================================
Received Import Request.
  Time since last request: 6.511672 seconds.
  path: Assets/Scenes/Sprites Login/Group 76.png
  artifactKey: Guid(170d9b925aef2fd42af7f266da8346e6) Importer(815301076,1909f56bfc062723c751e8b465ee728b)
Start importing Assets/Scenes/Sprites Login/Group 76.png using Guid(170d9b925aef2fd42af7f266da8346e6) Importer(815301076,1909f56bfc062723c751e8b465ee728b)  -> (artifact id: '453e615ed53ef16b63a100b148c30f32') in 0.095051 seconds 
========================================================================
Received Import Request.
  Time since last request: 7.731025 seconds.
  path: Assets/Scenes/Sprites Login/Iniciar sesión.png
  artifactKey: Guid(fab63f0e36e62ec469ae727f670fbae2) Importer(815301076,1909f56bfc062723c751e8b465ee728b)
Start importing Assets/Scenes/Sprites Login/Iniciar sesión.png using Guid(fab63f0e36e62ec469ae727f670fbae2) Importer(815301076,1909f56bfc062723c751e8b465ee728b)  -> (artifact id: 'c700b282e9012165ba27a433bf8fadae') in 0.041016 seconds 
========================================================================
Received Import Request.
  Time since last request: 5.415625 seconds.
  path: Assets/Scenes/Sprites Login/Input-1.png
  artifactKey: Guid(1893a026ef6b244439ec591006a3ca34) Importer(815301076,1909f56bfc062723c751e8b465ee728b)
Start importing Assets/Scenes/Sprites Login/Input-1.png using Guid(1893a026ef6b244439ec591006a3ca34) Importer(815301076,1909f56bfc062723c751e8b465ee728b)  -> (artifact id: '2eedc99db4781a3ddd07ea50e9676dd0') in 0.037483 seconds 
========================================================================
Received Import Request.
  Time since last request: 6.126221 seconds.
  path: Assets/Scenes/Sprites Login/Input.png
  artifactKey: Guid(6e741e171836588468ac8ca54c309112) Importer(815301076,1909f56bfc062723c751e8b465ee728b)
Start importing Assets/Scenes/Sprites Login/Input.png using Guid(6e741e171836588468ac8ca54c309112) Importer(815301076,1909f56bfc062723c751e8b465ee728b)  -> (artifact id: 'c65fdb6537a641000187a9b148ae08fc') in 0.032490 seconds 
========================================================================
Received Import Request.
  Time since last request: 9.465461 seconds.
  path: Assets/Scenes/Sprites Login/Rectangle 23.png
  artifactKey: Guid(0692c1f3714d9b0468bb6ad5baaa81a1) Importer(815301076,1909f56bfc062723c751e8b465ee728b)
Start importing Assets/Scenes/Sprites Login/Rectangle 23.png using Guid(0692c1f3714d9b0468bb6ad5baaa81a1) Importer(815301076,1909f56bfc062723c751e8b465ee728b)  -> (artifact id: '749b664a5abf5aca1aefa8ff66d347e3') in 0.138641 seconds 
========================================================================
Received Import Request.
  Time since last request: 5.549440 seconds.
  path: Assets/Scenes/Sprites Login/Rectangle 38.png
  artifactKey: Guid(524b93df509c3444f88f6499b7d9a031) Importer(815301076,1909f56bfc062723c751e8b465ee728b)
Start importing Assets/Scenes/Sprites Login/Rectangle 38.png using Guid(524b93df509c3444f88f6499b7d9a031) Importer(815301076,1909f56bfc062723c751e8b465ee728b)  -> (artifact id: '628ae8aa03b91eb8f77a6e4cf1e2197d') in 0.066463 seconds 
========================================================================
Received Import Request.
  Time since last request: 39.597846 seconds.
  path: Assets/Scenes/Sprites Login/Rectangle 39.png
  artifactKey: Guid(a95ffeba76df9194b8dc05b3f48ac25a) Importer(815301076,1909f56bfc062723c751e8b465ee728b)
Start importing Assets/Scenes/Sprites Login/Rectangle 39.png using Guid(a95ffeba76df9194b8dc05b3f48ac25a) Importer(815301076,1909f56bfc062723c751e8b465ee728b)  -> (artifact id: '7f3da430527f5bd4328ba59bccfb3c99') in 0.037298 seconds 
========================================================================
Received Import Request.
  Time since last request: 4.876781 seconds.
  path: Assets/Scenes/Sprites Login/Rectangle 40.png
  artifactKey: Guid(a5202360938676242a08b35095f7623f) Importer(815301076,1909f56bfc062723c751e8b465ee728b)
Start importing Assets/Scenes/Sprites Login/Rectangle 40.png using Guid(a5202360938676242a08b35095f7623f) Importer(815301076,1909f56bfc062723c751e8b465ee728b)  -> (artifact id: '882fbdb25b3ed0407be3b6d33f44d36d') in 0.048573 seconds 
========================================================================
Received Import Request.
  Time since last request: 5.766753 seconds.
  path: Assets/Scenes/Sprites Login/Registrarse.png
  artifactKey: Guid(2e666e538e6b526409bb4e0bdaa6d2d0) Importer(815301076,1909f56bfc062723c751e8b465ee728b)
Start importing Assets/Scenes/Sprites Login/Registrarse.png using Guid(2e666e538e6b526409bb4e0bdaa6d2d0) Importer(815301076,1909f56bfc062723c751e8b465ee728b)  -> (artifact id: '1f9676c312690937da7fea1a26561f8b') in 0.041481 seconds 
========================================================================
Received Import Request.
  Time since last request: 5.278466 seconds.
  path: Assets/Scenes/Sprites Login/¿Has olvidado tu contraseña_.png
  artifactKey: Guid(8e47ef7851bd8be40b143e91251aa637) Importer(815301076,1909f56bfc062723c751e8b465ee728b)
Start importing Assets/Scenes/Sprites Login/¿Has olvidado tu contraseña_.png using Guid(8e47ef7851bd8be40b143e91251aa637) Importer(815301076,1909f56bfc062723c751e8b465ee728b)  -> (artifact id: '956bb6b68149803ea6285bde3c6ad4bd') in 0.045636 seconds 
========================================================================
Received Import Request.
  Time since last request: 3190.325277 seconds.
  path: Assets/Scenes/Sprites Login/Group 77.png
  artifactKey: Guid(027c0f6cc1624c24ea0765494930d4f5) Importer(815301076,1909f56bfc062723c751e8b465ee728b)
Start importing Assets/Scenes/Sprites Login/Group 77.png using Guid(027c0f6cc1624c24ea0765494930d4f5) Importer(815301076,1909f56bfc062723c751e8b465ee728b)  -> (artifact id: '3593259c9a6c383575f7b49c9715ecd4') in 0.188744 seconds 
========================================================================
Received Import Request.
  Time since last request: 10.636126 seconds.
  path: Assets/Scenes/Sprites Login/Group 77.png
  artifactKey: Guid(027c0f6cc1624c24ea0765494930d4f5) Importer(815301076,1909f56bfc062723c751e8b465ee728b)
Start importing Assets/Scenes/Sprites Login/Group 77.png using Guid(027c0f6cc1624c24ea0765494930d4f5) Importer(815301076,1909f56bfc062723c751e8b465ee728b)  -> (artifact id: '03f3e5bfbd02fbdfea659fea8caab7a5') in 0.062796 seconds 
========================================================================
Received Import Request.
  Time since last request: 37.022048 seconds.
  path: Assets/Scenes/Sprites Login/Btn Login.png
  artifactKey: Guid(007fe60636315804d82ec71ff86501c5) Importer(815301076,1909f56bfc062723c751e8b465ee728b)
Start importing Assets/Scenes/Sprites Login/Btn Login.png using Guid(007fe60636315804d82ec71ff86501c5) Importer(815301076,1909f56bfc062723c751e8b465ee728b)  -> (artifact id: '4d347a05a6f45d36ecf8ec495e4faa70') in 0.045036 seconds 
========================================================================
Received Import Request.
  Time since last request: 267.111181 seconds.
  path: Assets/Scenes/Sprites Login/Bienvenido al campus sostenible.png
  artifactKey: Guid(9c912190c657c754d9cc602dc550d483) Importer(815301076,1909f56bfc062723c751e8b465ee728b)
Start importing Assets/Scenes/Sprites Login/Bienvenido al campus sostenible.png using Guid(9c912190c657c754d9cc602dc550d483) Importer(815301076,1909f56bfc062723c751e8b465ee728b)  -> (artifact id: 'eff64547b0eafddab3770722539b3eeb') in 0.041181 seconds 
========================================================================
Received Import Request.
  Time since last request: 12.445363 seconds.
  path: Assets/Scenes/Sprites
  artifactKey: Guid(14c066e72e506154391b7a973b249237) Importer(815301076,1909f56bfc062723c751e8b465ee728b)
Start importing Assets/Scenes/Sprites using Guid(14c066e72e506154391b7a973b249237) Importer(815301076,1909f56bfc062723c751e8b465ee728b)  -> (artifact id: 'e1fe2572b1ef529c77c86b95f4213468') in 0.008750 seconds 
========================================================================
Received Import Request.
  Time since last request: 8.905984 seconds.
  path: Assets/Scenes/Sprites/Login
  artifactKey: Guid(f57d1fb69cb81b94baa1e510e2c8186f) Importer(815301076,1909f56bfc062723c751e8b465ee728b)
Start importing Assets/Scenes/Sprites/Login using Guid(f57d1fb69cb81b94baa1e510e2c8186f) Importer(815301076,1909f56bfc062723c751e8b465ee728b)  -> (artifact id: 'f1ab2f2a105cac7201b7b395c8887868') in 0.018070 seconds 
========================================================================
Received Import Request.
  Time since last request: 27.174340 seconds.
  path: Assets/Scenes/Sprites/Sign Up
  artifactKey: Guid(7e64126c707ec364caea5925a22a482c) Importer(815301076,1909f56bfc062723c751e8b465ee728b)
Start importing Assets/Scenes/Sprites/Sign Up using Guid(7e64126c707ec364caea5925a22a482c) Importer(815301076,1909f56bfc062723c751e8b465ee728b)  -> (artifact id: 'c31d32ee1e0bd66b25371b22e6fc26b0') in 0.014034 seconds 
========================================================================
Received Import Request.
  Time since last request: 260.858006 seconds.
  path: Assets/Scenes/Sprites/Sign Up/Bienvenido al campus sostenible.png
  artifactKey: Guid(bbbf0e607c084b946874ccf128a43981) Importer(815301076,1909f56bfc062723c751e8b465ee728b)
Start importing Assets/Scenes/Sprites/Sign Up/Bienvenido al campus sostenible.png using Guid(bbbf0e607c084b946874ccf128a43981) Importer(815301076,1909f56bfc062723c751e8b465ee728b)  -> (artifact id: 'd8772cc5228e1405c0e6b001984f5d19') in 0.025944 seconds 
========================================================================
Received Import Request.
  Time since last request: 4.241620 seconds.
  path: Assets/Scenes/Sprites/Sign Up/Group 76.png
  artifactKey: Guid(be0b61b812815b14a8825528c20105cd) Importer(815301076,1909f56bfc062723c751e8b465ee728b)
Start importing Assets/Scenes/Sprites/Sign Up/Group 76.png using Guid(be0b61b812815b14a8825528c20105cd) Importer(815301076,1909f56bfc062723c751e8b465ee728b)  -> (artifact id: '43a1cb4a9db17c486d6a0926b8a8c321') in 0.095237 seconds 
========================================================================
Received Import Request.
  Time since last request: 1.696814 seconds.
  path: Assets/Scenes/Sprites/Sign Up/Rectangle 23.png
  artifactKey: Guid(35b13f3e920664942a3e20260796021e) Importer(815301076,1909f56bfc062723c751e8b465ee728b)
Start importing Assets/Scenes/Sprites/Sign Up/Rectangle 23.png using Guid(35b13f3e920664942a3e20260796021e) Importer(815301076,1909f56bfc062723c751e8b465ee728b)  -> (artifact id: '3171d48852cc97ff165fc179ef08e104') in 0.043646 seconds 
========================================================================
Received Import Request.
  Time since last request: 0.000071 seconds.
  path: Assets/Scenes/Sprites/Sign Up/Group 88.png
  artifactKey: Guid(6dffb4c45fb17244e89ff13d1984e963) Importer(815301076,1909f56bfc062723c751e8b465ee728b)
Start importing Assets/Scenes/Sprites/Sign Up/Group 88.png using Guid(6dffb4c45fb17244e89ff13d1984e963) Importer(815301076,1909f56bfc062723c751e8b465ee728b)  -> (artifact id: '27198a0f6ec95faac42563d73950d6a4') in 0.037748 seconds 
========================================================================
Received Import Request.
  Time since last request: 0.000055 seconds.
  path: Assets/Scenes/Sprites/Sign Up/Input.png
  artifactKey: Guid(275eaf5069f000145999684e2745da87) Importer(815301076,1909f56bfc062723c751e8b465ee728b)
Start importing Assets/Scenes/Sprites/Sign Up/Input.png using Guid(275eaf5069f000145999684e2745da87) Importer(815301076,1909f56bfc062723c751e8b465ee728b)  -> (artifact id: '83b417e341bfd274342e469b2c7052b2') in 0.028001 seconds 
========================================================================
Received Import Request.
  Time since last request: 0.000063 seconds.
  path: Assets/Scenes/Sprites/Sign Up/Input-1.png
  artifactKey: Guid(c8d5cfed532949f46a52cee1334a7530) Importer(815301076,1909f56bfc062723c751e8b465ee728b)
Start importing Assets/Scenes/Sprites/Sign Up/Input-1.png using Guid(c8d5cfed532949f46a52cee1334a7530) Importer(815301076,1909f56bfc062723c751e8b465ee728b)  -> (artifact id: '1f206043cc2f0c27366002ff0eb27126') in 0.023393 seconds 
========================================================================
Received Import Request.
  Time since last request: 20.805797 seconds.
  path: Assets/Scenes/Sprites/Sign Up/Bienvenido al campus sostenible.png
  artifactKey: Guid(bbbf0e607c084b946874ccf128a43981) Importer(815301076,1909f56bfc062723c751e8b465ee728b)
Start importing Assets/Scenes/Sprites/Sign Up/Bienvenido al campus sostenible.png using Guid(bbbf0e607c084b946874ccf128a43981) Importer(815301076,1909f56bfc062723c751e8b465ee728b)  -> (artifact id: 'fb7015bfbe93f1a432d8e095b6b2de6b') in 0.037874 seconds 
========================================================================
Received Import Request.
  Time since last request: 1.629714 seconds.
  path: Assets/Scenes/Sprites/Sign Up/Input.png
  artifactKey: Guid(275eaf5069f000145999684e2745da87) Importer(815301076,1909f56bfc062723c751e8b465ee728b)
Start importing Assets/Scenes/Sprites/Sign Up/Input.png using Guid(275eaf5069f000145999684e2745da87) Importer(815301076,1909f56bfc062723c751e8b465ee728b)  -> (artifact id: 'c860b1ad6ffdd540d05ac19af7310b62') in 0.075422 seconds 
========================================================================
Received Import Request.
  Time since last request: 0.000071 seconds.
  path: Assets/Scenes/Sprites/Sign Up/Rectangle 38.png
  artifactKey: Guid(1a50e7d96dbf9f045b25d1eb14424ceb) Importer(815301076,1909f56bfc062723c751e8b465ee728b)
Start importing Assets/Scenes/Sprites/Sign Up/Rectangle 38.png using Guid(1a50e7d96dbf9f045b25d1eb14424ceb) Importer(815301076,1909f56bfc062723c751e8b465ee728b)  -> (artifact id: '4f7ac628c17c7bd4e4c0fce95709664d') in 0.145495 seconds 
========================================================================
Received Import Request.
  Time since last request: 0.000066 seconds.
  path: Assets/Scenes/Sprites/Sign Up/Términos y condiciones.png
  artifactKey: Guid(4be323aa822e0db41b08dda0f36b1c69) Importer(815301076,1909f56bfc062723c751e8b465ee728b)
Start importing Assets/Scenes/Sprites/Sign Up/Términos y condiciones.png using Guid(4be323aa822e0db41b08dda0f36b1c69) Importer(815301076,1909f56bfc062723c751e8b465ee728b)  -> (artifact id: '7499d1b6571c5c1e2c603b83b71c43bb') in 0.042695 seconds 
Editor requested this worker to shutdown with reason: Scaling down because of idle timeout
AssetImportWorker is now disconnected from the server
Process exiting
Exiting without the bug reporter. Application will terminate with return code 0